0 info it worked if it ends with ok
1 verbose cli [ 'C:\\Program Files\\nodejs\\node.exe',
1 verbose cli   'C:\\Users\\mike_\\AppData\\Roaming\\npm\\node_modules\\npm\\bin\\npm-cli.js',
1 verbose cli   'uninstall',
1 verbose cli   'angular-chart.js',
1 verbose cli   '--save' ]
2 info using npm@3.10.5
3 info using node@v4.4.7
4 silly loadCurrentTree Starting
5 silly install loadCurrentTree
6 silly install readLocalPackageData
7 silly install normalizeTree
8 silly loadCurrentTree Finishing
9 silly loadIdealTree Starting
10 silly install loadIdealTree
11 silly cloneCurrentTree Starting
12 silly install cloneCurrentTreeToIdealTree
13 silly cloneCurrentTree Finishing
14 silly loadShrinkwrap Starting
15 silly install loadShrinkwrap
16 silly loadShrinkwrap Finishing
17 silly loadAllDepsIntoIdealTree Starting
18 silly uninstall loadAllDepsIntoIdealtree
19 silly loadAllDepsIntoIdealTree Finishing
20 silly loadIdealTree Finishing
21 silly currentTree WECOWebApp@1.0.0
21 silly currentTree +-- abbrev@1.1.0
21 silly currentTree +-- accepts@1.3.3
21 silly currentTree +-- accord@0.26.4
21 silly currentTree | `-- glob@7.1.1
21 silly currentTree +-- acorn-dynamic-import@2.0.2
21 silly currentTree +-- acorn@4.0.11
21 silly currentTree +-- after@0.8.2
21 silly currentTree +-- ajv-keywords@1.5.1
21 silly currentTree +-- ajv@4.11.5
21 silly currentTree +-- align-text@0.1.4
21 silly currentTree +-- angular-animate@1.6.3
21 silly currentTree +-- angular-cache@4.6.0
21 silly currentTree +-- angular-chart.js@1.1.1
21 silly currentTree | `-- chart.js@2.3.0
21 silly currentTree +-- angular-google-analytics@1.1.8
21 silly currentTree +-- angular-marked@1.2.2
21 silly currentTree +-- angular-resource@1.6.3
21 silly currentTree +-- angular-sanitize@1.6.3
21 silly currentTree +-- angular-ui-router@0.3.2
21 silly currentTree +-- angular@1.6.3
21 silly currentTree +-- ansi-regex@2.0.0
21 silly currentTree +-- ansi-styles@2.2.1
21 silly currentTree +-- anymatch@1.3.0
21 silly currentTree +-- archy@1.0.0
21 silly currentTree +-- arr-diff@2.0.0
21 silly currentTree +-- arr-flatten@1.0.1
21 silly currentTree +-- array-differ@1.0.0
21 silly currentTree +-- array-flatten@1.1.1
21 silly currentTree +-- array-union@1.0.2
21 silly currentTree +-- array-uniq@1.0.3
21 silly currentTree +-- array-unique@0.2.1
21 silly currentTree +-- arraybuffer.slice@0.0.6
21 silly currentTree +-- arrify@1.0.1
21 silly currentTree +-- asap@2.0.5
21 silly currentTree +-- asn1.js@4.9.1
21 silly currentTree +-- asn1@0.2.3
21 silly currentTree +-- assert-plus@0.2.0
21 silly currentTree +-- assert@1.4.1
21 silly currentTree +-- async-each@1.0.0
21 silly currentTree +-- asynckit@0.4.0
21 silly currentTree +-- aws-sign2@0.6.0
21 silly currentTree +-- aws4@1.6.0
21 silly currentTree +-- babel-cli@6.24.0
21 silly currentTree | +-- chokidar@1.6.1
21 silly currentTree | +-- glob@7.1.1
21 silly currentTree | `-- lodash@4.17.4
21 silly currentTree +-- babel-code-frame@6.22.0
21 silly currentTree +-- babel-core@6.24.0
21 silly currentTree | `-- lodash@4.17.4
21 silly currentTree +-- babel-generator@6.24.0
21 silly currentTree | +-- jsesc@1.3.0
21 silly currentTree | `-- lodash@4.17.4
21 silly currentTree +-- babel-helper-call-delegate@6.22.0
21 silly currentTree +-- babel-helper-define-map@6.23.0
21 silly currentTree | `-- lodash@4.17.4
21 silly currentTree +-- babel-helper-function-name@6.23.0
21 silly currentTree +-- babel-helper-get-function-arity@6.22.0
21 silly currentTree +-- babel-helper-hoist-variables@6.22.0
21 silly currentTree +-- babel-helper-optimise-call-expression@6.23.0
21 silly currentTree +-- babel-helper-regex@6.22.0
21 silly currentTree | `-- lodash@4.17.4
21 silly currentTree +-- babel-helper-replace-supers@6.23.0
21 silly currentTree +-- babel-helpers@6.23.0
21 silly currentTree +-- babel-loader@6.4.0
21 silly currentTree +-- babel-messages@6.23.0
21 silly currentTree +-- babel-plugin-check-es2015-constants@6.22.0
21 silly currentTree +-- babel-plugin-transform-es2015-arrow-functions@6.22.0
21 silly currentTree +-- babel-plugin-transform-es2015-block-scoped-functions@6.22.0
21 silly currentTree +-- babel-plugin-transform-es2015-block-scoping@6.23.0
21 silly currentTree | `-- lodash@4.17.4
21 silly currentTree +-- babel-plugin-transform-es2015-classes@6.23.0
21 silly currentTree +-- babel-plugin-transform-es2015-computed-properties@6.22.0
21 silly currentTree +-- babel-plugin-transform-es2015-destructuring@6.23.0
21 silly currentTree +-- babel-plugin-transform-es2015-duplicate-keys@6.22.0
21 silly currentTree +-- babel-plugin-transform-es2015-for-of@6.23.0
21 silly currentTree +-- babel-plugin-transform-es2015-function-name@6.22.0
21 silly currentTree +-- babel-plugin-transform-es2015-literals@6.22.0
21 silly currentTree +-- babel-plugin-transform-es2015-modules-amd@6.24.0
21 silly currentTree +-- babel-plugin-transform-es2015-modules-commonjs@6.24.0
21 silly currentTree +-- babel-plugin-transform-es2015-modules-systemjs@6.23.0
21 silly currentTree +-- babel-plugin-transform-es2015-modules-umd@6.24.0
21 silly currentTree +-- babel-plugin-transform-es2015-object-super@6.22.0
21 silly currentTree +-- babel-plugin-transform-es2015-parameters@6.23.0
21 silly currentTree +-- babel-plugin-transform-es2015-shorthand-properties@6.22.0
21 silly currentTree +-- babel-plugin-transform-es2015-spread@6.22.0
21 silly currentTree +-- babel-plugin-transform-es2015-sticky-regex@6.22.0
21 silly currentTree +-- babel-plugin-transform-es2015-template-literals@6.22.0
21 silly currentTree +-- babel-plugin-transform-es2015-typeof-symbol@6.23.0
21 silly currentTree +-- babel-plugin-transform-es2015-unicode-regex@6.22.0
21 silly currentTree +-- babel-plugin-transform-regenerator@6.22.0
21 silly currentTree +-- babel-plugin-transform-strict-mode@6.22.0
21 silly currentTree +-- babel-polyfill@6.23.0
21 silly currentTree +-- babel-preset-es2015@6.24.0
21 silly currentTree +-- babel-register@6.24.0
21 silly currentTree | `-- lodash@4.17.4
21 silly currentTree +-- babel-runtime@6.23.0
21 silly currentTree +-- babel-template@6.23.0
21 silly currentTree | `-- lodash@4.17.4
21 silly currentTree +-- babel-traverse@6.23.1
21 silly currentTree | `-- lodash@4.17.4
21 silly currentTree +-- babel-types@6.23.0
21 silly currentTree | `-- lodash@4.17.4
21 silly currentTree +-- babylon@6.16.1
21 silly currentTree +-- backo2@1.0.2
21 silly currentTree +-- balanced-match@0.4.2
21 silly currentTree +-- base64-arraybuffer@0.1.5
21 silly currentTree +-- base64-js@1.2.0
21 silly currentTree +-- base64id@1.0.0
21 silly currentTree +-- bcrypt-pbkdf@1.0.1
21 silly currentTree +-- beeper@1.1.1
21 silly currentTree +-- better-assert@1.0.2
21 silly currentTree +-- big.js@3.1.3
21 silly currentTree +-- binary-extensions@1.5.0
21 silly currentTree +-- binaryextensions@1.0.1
21 silly currentTree +-- blob@0.0.4
21 silly currentTree +-- bn.js@4.11.6
21 silly currentTree +-- boom@2.10.1
21 silly currentTree +-- brace-expansion@1.1.6
21 silly currentTree +-- braces@1.8.5
21 silly currentTree +-- brorand@1.1.0
21 silly currentTree +-- browserify-aes@1.0.6
21 silly currentTree +-- browserify-cipher@1.0.0
21 silly currentTree +-- browserify-des@1.0.0
21 silly currentTree +-- browserify-rsa@4.0.1
21 silly currentTree +-- browserify-sign@4.0.0
21 silly currentTree +-- browserify-zlib@0.1.4
21 silly currentTree +-- buffer-shims@1.0.0
21 silly currentTree +-- buffer-xor@1.0.3
21 silly currentTree +-- buffer@4.9.1
21 silly currentTree +-- builtin-modules@1.1.1
21 silly currentTree +-- builtin-status-codes@3.0.0
21 silly currentTree +-- callsite@1.0.0
21 silly currentTree +-- camelcase@3.0.0
21 silly currentTree +-- camelize@1.0.0
21 silly currentTree +-- caseless@0.12.0
21 silly currentTree +-- center-align@0.1.3
21 silly currentTree +-- chalk@1.1.3
21 silly currentTree +-- chart.js@2.5.0
21 silly currentTree +-- chartjs-color-string@0.4.0
21 silly currentTree +-- chartjs-color@2.1.0
21 silly currentTree +-- chokidar@1.6.0
21 silly currentTree +-- cipher-base@1.0.3
21 silly currentTree +-- cli@1.0.1
21 silly currentTree | `-- glob@7.1.1
21 silly currentTree +-- cliui@2.1.0
21 silly currentTree +-- clone-stats@0.0.1
21 silly currentTree +-- clone@1.0.2
21 silly currentTree +-- co@4.6.0
21 silly currentTree +-- code-point-at@1.1.0
21 silly currentTree +-- color-convert@0.5.3
21 silly currentTree +-- color-name@1.1.2
21 silly currentTree +-- colors@1.1.2
21 silly currentTree +-- combined-stream@1.0.5
21 silly currentTree +-- commander@2.9.0
21 silly currentTree +-- commondir@1.0.1
21 silly currentTree +-- component-bind@1.0.0
21 silly currentTree +-- component-emitter@1.1.2
21 silly currentTree +-- component-inherit@0.0.3
21 silly currentTree +-- concat-map@0.0.1
21 silly currentTree +-- configstore@1.4.0
21 silly currentTree +-- connect@3.4.1
21 silly currentTree | `-- finalhandler@0.4.1
21 silly currentTree +-- console-browserify@1.1.0
21 silly currentTree +-- constants-browserify@1.0.0
21 silly currentTree +-- content-disposition@0.5.2
21 silly currentTree +-- content-security-policy-builder@1.0.0
21 silly currentTree +-- content-type@1.0.2
21 silly currentTree +-- convert-source-map@1.4.0
21 silly currentTree +-- cookie-signature@1.0.6
21 silly currentTree +-- cookie@0.3.1
21 silly currentTree +-- core-js@2.4.1
21 silly currentTree +-- core-util-is@1.0.2
21 silly currentTree +-- create-ecdh@4.0.0
21 silly currentTree +-- create-hash@1.1.2
21 silly currentTree +-- create-hmac@1.1.4
21 silly currentTree +-- cryptiles@2.0.5
21 silly currentTree +-- crypto-browserify@3.11.0
21 silly currentTree +-- dashdash@1.14.1
21 silly currentTree | `-- assert-plus@1.0.0
21 silly currentTree +-- dashify@0.2.2
21 silly currentTree +-- date-now@0.1.4
21 silly currentTree +-- dateformat@2.0.0
21 silly currentTree +-- debug@2.2.0
21 silly currentTree +-- decamelize@1.2.0
21 silly currentTree +-- deep-extend@0.4.1
21 silly currentTree +-- defaults@1.0.3
21 silly currentTree +-- del@2.2.2
21 silly currentTree +-- delayed-stream@1.0.0
21 silly currentTree +-- depd@1.1.0
21 silly currentTree +-- deprecated@0.0.1
21 silly currentTree +-- des.js@1.0.0
21 silly currentTree +-- destroy@1.0.4
21 silly currentTree +-- detect-file@0.1.0
21 silly currentTree +-- detect-indent@4.0.0
21 silly currentTree +-- diffie-hellman@5.0.2
21 silly currentTree +-- dns-prefetch-control@0.1.0
21 silly currentTree +-- dom-serializer@0.1.0
21 silly currentTree | +-- domelementtype@1.1.3
21 silly currentTree | `-- entities@1.1.1
21 silly currentTree +-- domain-browser@1.1.7
21 silly currentTree +-- domelementtype@1.3.0
21 silly currentTree +-- domhandler@2.3.0
21 silly currentTree +-- domutils@1.5.1
21 silly currentTree +-- dont-sniff-mimetype@1.0.0
21 silly currentTree +-- duplexer@0.1.1
21 silly currentTree +-- duplexer2@0.0.2
21 silly currentTree | +-- isarray@0.0.1
21 silly currentTree | `-- readable-stream@1.1.14
21 silly currentTree +-- duplexify@3.5.0
21 silly currentTree | `-- end-of-stream@1.0.0
21 silly currentTree +-- ecc-jsbn@0.1.1
21 silly currentTree +-- ee-first@1.1.1
21 silly currentTree +-- elliptic@6.4.0
21 silly currentTree +-- emojis-list@2.1.0
21 silly currentTree +-- encodeurl@1.0.1
21 silly currentTree +-- end-of-stream@0.1.5
21 silly currentTree +-- engine.io-client@1.8.3
21 silly currentTree | +-- component-emitter@1.2.1
21 silly currentTree | +-- debug@2.3.3
21 silly currentTree | `-- ms@0.7.2
21 silly currentTree +-- engine.io-parser@1.3.2
21 silly currentTree +-- engine.io@1.8.3
21 silly currentTree | +-- debug@2.3.3
21 silly currentTree | `-- ms@0.7.2
21 silly currentTree +-- enhanced-resolve@3.1.0
21 silly currentTree +-- entities@1.0.0
21 silly currentTree +-- errno@0.1.4
21 silly currentTree +-- error-ex@1.3.0
21 silly currentTree +-- es6-promise-polyfill@1.2.0
21 silly currentTree +-- es6-promise@3.3.1
21 silly currentTree +-- escape-html@1.0.3
21 silly currentTree +-- escape-string-regexp@1.0.5
21 silly currentTree +-- esutils@2.0.2
21 silly currentTree +-- etag@1.8.0
21 silly currentTree +-- event-stream@3.3.4
21 silly currentTree +-- events@1.1.1
21 silly currentTree +-- evp_bytestokey@1.0.0
21 silly currentTree +-- exit@0.1.2
21 silly currentTree +-- expand-brackets@0.1.5
21 silly currentTree +-- expand-range@1.8.2
21 silly currentTree +-- expand-tilde@1.2.2
21 silly currentTree +-- express@4.15.2
21 silly currentTree | +-- debug@2.6.1
21 silly currentTree | +-- mime-db@1.26.0
21 silly currentTree | +-- mime-types@2.1.14
21 silly currentTree | +-- ms@0.7.2
21 silly currentTree | +-- statuses@1.3.1
21 silly currentTree | `-- type-is@1.6.14
21 silly currentTree +-- extend@3.0.0
21 silly currentTree +-- extglob@0.3.2
21 silly currentTree +-- extsprintf@1.0.2
21 silly currentTree +-- fancy-log@1.3.0
21 silly currentTree +-- filename-regex@2.0.0
21 silly currentTree +-- fill-range@2.2.3
21 silly currentTree +-- finalhandler@1.0.0
21 silly currentTree | +-- debug@2.6.1
21 silly currentTree | +-- ms@0.7.2
21 silly currentTree | `-- statuses@1.3.1
21 silly currentTree +-- find-cache-dir@0.1.1
21 silly currentTree +-- find-index@0.1.1
21 silly currentTree +-- find-up@1.1.2
21 silly currentTree +-- findup-sync@0.4.3
21 silly currentTree +-- fined@1.0.2
21 silly currentTree +-- first-chunk-stream@1.0.0
21 silly currentTree +-- flagged-respawn@0.3.2
21 silly currentTree +-- for-in@0.1.5
21 silly currentTree +-- for-own@0.1.4
21 silly currentTree +-- forever-agent@0.6.1
21 silly currentTree +-- form-data@2.1.2
21 silly currentTree | +-- mime-db@1.26.0
21 silly currentTree | `-- mime-types@2.1.14
21 silly currentTree +-- forwarded@0.1.0
21 silly currentTree +-- frameguard@2.0.0
21 silly currentTree +-- fresh@0.5.0
21 silly currentTree +-- from@0.1.7
21 silly currentTree +-- fs-exists-sync@0.1.0
21 silly currentTree +-- fs-readdir-recursive@1.0.0
21 silly currentTree +-- fs.realpath@1.0.0
21 silly currentTree +-- gaze@0.5.2
21 silly currentTree +-- get-caller-file@1.0.2
21 silly currentTree +-- getpass@0.1.6
21 silly currentTree | `-- assert-plus@1.0.0
21 silly currentTree +-- glob-base@0.3.0
21 silly currentTree +-- glob-parent@2.0.0
21 silly currentTree +-- glob-stream@3.1.18
21 silly currentTree | +-- isarray@0.0.1
21 silly currentTree | +-- minimatch@2.0.10
21 silly currentTree | +-- readable-stream@1.0.34
21 silly currentTree | `-- through2@0.6.5
21 silly currentTree +-- glob-watcher@0.0.6
21 silly currentTree +-- glob@4.5.3
21 silly currentTree | `-- minimatch@2.0.10
21 silly currentTree +-- glob2base@0.0.12
21 silly currentTree +-- global-modules@0.2.3
21 silly currentTree +-- global-prefix@0.1.5
21 silly currentTree +-- globals@9.16.0
21 silly currentTree +-- globby@5.0.0
21 silly currentTree | `-- glob@7.1.1
21 silly currentTree +-- globule@0.1.0
21 silly currentTree | +-- glob@3.1.21
21 silly currentTree | +-- graceful-fs@1.2.3
21 silly currentTree | +-- inherits@1.0.2
21 silly currentTree | `-- minimatch@0.2.14
21 silly currentTree +-- glogg@1.0.0
21 silly currentTree +-- got@3.3.1
21 silly currentTree | `-- object-assign@3.0.0
21 silly currentTree +-- graceful-fs@4.1.5
21 silly currentTree +-- graceful-readlink@1.0.1
21 silly currentTree +-- gulp-jshint@2.0.4
21 silly currentTree | +-- lodash@4.17.4
21 silly currentTree | `-- minimatch@3.0.3
21 silly currentTree +-- gulp-less@3.3.0
21 silly currentTree +-- gulp-nodemon@2.2.1
21 silly currentTree +-- gulp-rename@1.2.2
21 silly currentTree +-- gulp-replace@0.5.4
21 silly currentTree +-- gulp-util@3.0.8
21 silly currentTree | `-- object-assign@3.0.0
21 silly currentTree +-- gulp@3.9.1
21 silly currentTree | `-- semver@4.3.6
21 silly currentTree +-- gulplog@1.0.0
21 silly currentTree +-- har-schema@1.0.5
21 silly currentTree +-- har-validator@4.2.1
21 silly currentTree +-- has-ansi@2.0.0
21 silly currentTree +-- has-binary@0.1.7
21 silly currentTree | `-- isarray@0.0.1
21 silly currentTree +-- has-cors@1.1.0
21 silly currentTree +-- has-flag@1.0.0
21 silly currentTree +-- has-gulplog@0.1.0
21 silly currentTree +-- hash.js@1.0.3
21 silly currentTree +-- hawk@3.1.3
21 silly currentTree +-- helmet-csp@1.2.2
21 silly currentTree +-- helmet@2.3.0
21 silly currentTree +-- hide-powered-by@1.0.0
21 silly currentTree +-- highlightjs@8.7.0
21 silly currentTree +-- hmac-drbg@1.0.0
21 silly currentTree +-- hoek@2.16.3
21 silly currentTree +-- home-or-tmp@2.0.0
21 silly currentTree +-- homedir-polyfill@1.0.1
21 silly currentTree +-- hosted-git-info@2.1.5
21 silly currentTree +-- hpkp@1.2.0
21 silly currentTree +-- hsts@1.0.0
21 silly currentTree +-- htmlparser2@3.8.3
21 silly currentTree | +-- isarray@0.0.1
21 silly currentTree | `-- readable-stream@1.1.14
21 silly currentTree +-- http-errors@1.6.1
21 silly currentTree | +-- inherits@2.0.3
21 silly currentTree | `-- statuses@1.3.1
21 silly currentTree +-- http-signature@1.1.1
21 silly currentTree +-- https-browserify@0.0.1
21 silly currentTree +-- ieee754@1.1.8
21 silly currentTree +-- ienoopen@1.0.0
21 silly currentTree +-- ignore-by-default@1.0.1
21 silly currentTree +-- image-size@0.5.1
21 silly currentTree +-- imurmurhash@0.1.4
21 silly currentTree +-- indexof@0.0.1
21 silly currentTree +-- indx@0.2.3
21 silly currentTree +-- infinity-agent@2.0.3
21 silly currentTree +-- inflight@1.0.6
21 silly currentTree +-- inherits@2.0.1
21 silly currentTree +-- ini@1.3.4
21 silly currentTree +-- interpret@1.0.1
21 silly currentTree +-- invariant@2.2.2
21 silly currentTree +-- invert-kv@1.0.0
21 silly currentTree +-- ipaddr.js@1.2.0
21 silly currentTree +-- is-absolute@0.2.6
21 silly currentTree +-- is-arrayish@0.2.1
21 silly currentTree +-- is-binary-path@1.0.1
21 silly currentTree +-- is-buffer@1.1.3
21 silly currentTree +-- is-builtin-module@1.0.0
21 silly currentTree +-- is-dotfile@1.0.2
21 silly currentTree +-- is-equal-shallow@0.1.3
21 silly currentTree +-- is-extendable@0.1.1
21 silly currentTree +-- is-extglob@1.0.0
21 silly currentTree +-- is-finite@1.0.2
21 silly currentTree +-- is-fullwidth-code-point@1.0.0
21 silly currentTree +-- is-glob@2.0.1
21 silly currentTree +-- is-npm@1.0.0
21 silly currentTree +-- is-number@2.1.0
21 silly currentTree +-- is-path-cwd@1.0.0
21 silly currentTree +-- is-path-in-cwd@1.0.0
21 silly currentTree +-- is-path-inside@1.0.0
21 silly currentTree +-- is-posix-bracket@0.1.1
21 silly currentTree +-- is-primitive@2.0.0
21 silly currentTree +-- is-redirect@1.0.0
21 silly currentTree +-- is-relative@0.2.1
21 silly currentTree +-- is-stream@1.1.0
21 silly currentTree +-- is-typedarray@1.0.0
21 silly currentTree +-- is-unc-path@0.1.2
21 silly currentTree +-- is-utf8@0.2.1
21 silly currentTree +-- is-windows@0.2.0
21 silly currentTree +-- isarray@1.0.0
21 silly currentTree +-- isexe@1.1.2
21 silly currentTree +-- isobject@2.1.0
21 silly currentTree +-- isstream@0.1.2
21 silly currentTree +-- istextorbinary@1.0.2
21 silly currentTree +-- jodid25519@1.0.2
21 silly currentTree +-- js-tokens@3.0.1
21 silly currentTree +-- jsbn@0.1.1
21 silly currentTree +-- jsesc@0.5.0
21 silly currentTree +-- jshint@2.9.4
21 silly currentTree | `-- lodash@3.7.0
21 silly currentTree +-- json-loader@0.5.4
21 silly currentTree +-- json-schema@0.2.3
21 silly currentTree +-- json-stable-stringify@1.0.1
21 silly currentTree +-- json-stringify-safe@5.0.1
21 silly currentTree +-- json3@3.3.2
21 silly currentTree +-- json5@0.5.1
21 silly currentTree +-- jsonify@0.0.0
21 silly currentTree +-- jsprim@1.4.0
21 silly currentTree | `-- assert-plus@1.0.0
21 silly currentTree +-- kind-of@3.0.4
21 silly currentTree +-- latest-version@1.0.1
21 silly currentTree +-- lazy-cache@1.0.4
21 silly currentTree +-- lcid@1.0.0
21 silly currentTree +-- less@2.7.2
21 silly currentTree +-- liftoff@2.3.0
21 silly currentTree +-- load-json-file@1.1.0
21 silly currentTree +-- loader-runner@2.3.0
21 silly currentTree +-- loader-utils@0.2.17
21 silly currentTree +-- lodash._baseassign@3.2.0
21 silly currentTree +-- lodash._basecopy@3.0.1
21 silly currentTree +-- lodash._basetostring@3.0.1
21 silly currentTree +-- lodash._basevalues@3.0.0
21 silly currentTree +-- lodash._bindcallback@3.0.1
21 silly currentTree +-- lodash._createassigner@3.1.1
21 silly currentTree +-- lodash._getnative@3.9.1
21 silly currentTree +-- lodash._isiterateecall@3.0.9
21 silly currentTree +-- lodash._reescape@3.0.0
21 silly currentTree +-- lodash._reevaluate@3.0.0
21 silly currentTree +-- lodash._reinterpolate@3.0.0
21 silly currentTree +-- lodash._root@3.0.1
21 silly currentTree +-- lodash.assign@4.2.0
21 silly currentTree +-- lodash.assignwith@4.2.0
21 silly currentTree +-- lodash.clone@4.5.0
21 silly currentTree +-- lodash.clonedeep@4.5.0
21 silly currentTree +-- lodash.defaults@4.2.0
21 silly currentTree +-- lodash.escape@3.2.0
21 silly currentTree +-- lodash.flatten@4.4.0
21 silly currentTree +-- lodash.isarguments@3.1.0
21 silly currentTree +-- lodash.isarray@3.0.4
21 silly currentTree +-- lodash.isempty@4.4.0
21 silly currentTree +-- lodash.isplainobject@4.0.6
21 silly currentTree +-- lodash.isstring@4.0.1
21 silly currentTree +-- lodash.keys@3.1.2
21 silly currentTree +-- lodash.mapvalues@4.6.0
21 silly currentTree +-- lodash.merge@4.6.0
21 silly currentTree +-- lodash.partialright@4.2.1
21 silly currentTree +-- lodash.pick@4.4.0
21 silly currentTree +-- lodash.reduce@4.5.0
21 silly currentTree +-- lodash.restparam@3.6.1
21 silly currentTree +-- lodash.template@3.6.2
21 silly currentTree +-- lodash.templatesettings@3.1.1
21 silly currentTree +-- lodash.uniq@4.5.0
21 silly currentTree +-- lodash@1.0.2
21 silly currentTree +-- longest@1.0.1
21 silly currentTree +-- loose-envify@1.3.1
21 silly currentTree +-- lowercase-keys@1.0.0
21 silly currentTree +-- lru-cache@2.7.3
21 silly currentTree +-- map-cache@0.2.2
21 silly currentTree +-- map-stream@0.1.0
21 silly currentTree +-- marked@0.3.6
21 silly currentTree +-- media-typer@0.3.0
21 silly currentTree +-- memory-fs@0.4.1
21 silly currentTree +-- merge-descriptors@1.0.1
21 silly currentTree +-- methods@1.1.2
21 silly currentTree +-- micromatch@2.3.11
21 silly currentTree +-- miller-rabin@4.0.0
21 silly currentTree +-- mime-db@1.23.0
21 silly currentTree +-- mime-types@2.1.11
21 silly currentTree +-- mime@1.3.4
21 silly currentTree +-- minimalistic-assert@1.0.0
21 silly currentTree +-- minimalistic-crypto-utils@1.0.1
21 silly currentTree +-- minimatch@3.0.2
21 silly currentTree +-- minimist@1.2.0
21 silly currentTree +-- mkdirp@0.5.1
21 silly currentTree | `-- minimist@0.0.8
21 silly currentTree +-- moment@2.18.1
21 silly currentTree +-- ms@0.7.1
21 silly currentTree +-- multipipe@0.1.2
21 silly currentTree +-- natives@1.1.0
21 silly currentTree +-- negotiator@0.6.1
21 silly currentTree +-- nested-error-stacks@1.0.2
21 silly currentTree +-- ng-file-upload@12.2.13
21 silly currentTree +-- nocache@1.0.1
21 silly currentTree +-- node-libs-browser@2.0.0
21 silly currentTree +-- nodemon@1.11.0
21 silly currentTree | +-- lodash.assign@3.2.0
21 silly currentTree | `-- lodash.defaults@3.1.2
21 silly currentTree +-- nopt@1.0.10
21 silly currentTree +-- normalize-package-data@2.3.5
21 silly currentTree +-- normalize-path@2.0.1
21 silly currentTree +-- number-is-nan@1.0.0
21 silly currentTree +-- oauth-sign@0.8.2
21 silly currentTree +-- object-assign@4.1.0
21 silly currentTree +-- object-component@0.0.3
21 silly currentTree +-- object.omit@2.0.0
21 silly currentTree +-- on-finished@2.3.0
21 silly currentTree +-- once@1.3.3
21 silly currentTree +-- options@0.0.6
21 silly currentTree +-- orchestrator@0.3.8
21 silly currentTree +-- ordered-read-streams@0.1.0
21 silly currentTree +-- os-browserify@0.2.1
21 silly currentTree +-- os-homedir@1.0.2
21 silly currentTree +-- os-locale@1.4.0
21 silly currentTree +-- os-tmpdir@1.0.2
21 silly currentTree +-- osenv@0.1.4
21 silly currentTree +-- output-file-sync@1.1.2
21 silly currentTree +-- package-json@1.2.0
21 silly currentTree +-- pako@0.2.9
21 silly currentTree +-- parse-asn1@5.1.0
21 silly currentTree +-- parse-filepath@1.0.1
21 silly currentTree +-- parse-glob@3.0.4
21 silly currentTree +-- parse-json@2.2.0
21 silly currentTree +-- parse-passwd@1.0.0
21 silly currentTree +-- parsejson@0.0.3
21 silly currentTree +-- parseqs@0.0.5
21 silly currentTree +-- parseuri@0.0.5
21 silly currentTree +-- parseurl@1.3.1
21 silly currentTree +-- path-browserify@0.0.0
21 silly currentTree +-- path-exists@2.1.0
21 silly currentTree +-- path-is-absolute@1.0.0
21 silly currentTree +-- path-is-inside@1.0.2
21 silly currentTree +-- path-parse@1.0.5
21 silly currentTree +-- path-root-regex@0.1.2
21 silly currentTree +-- path-root@0.1.1
21 silly currentTree +-- path-to-regexp@0.1.7
21 silly currentTree +-- path-type@1.1.0
21 silly currentTree +-- pause-stream@0.0.11
21 silly currentTree +-- pbkdf2@3.0.9
21 silly currentTree +-- performance-now@0.2.0
21 silly currentTree +-- pify@2.3.0
21 silly currentTree +-- pinkie-promise@2.0.1
21 silly currentTree +-- pinkie@2.0.4
21 silly currentTree +-- pkg-dir@1.0.0
21 silly currentTree +-- platform@1.3.1
21 silly currentTree +-- prepend-http@1.0.4
21 silly currentTree +-- prerender-node@2.7.0
21 silly currentTree +-- preserve@0.2.0
21 silly currentTree +-- pretty-hrtime@1.0.3
21 silly currentTree +-- private@0.1.7
21 silly currentTree +-- process-nextick-args@1.0.7
21 silly currentTree +-- process@0.11.9
21 silly currentTree +-- promise@7.1.1
21 silly currentTree +-- proxy-addr@1.1.3
21 silly currentTree +-- prr@0.0.0
21 silly currentTree +-- ps-tree@1.1.0
21 silly currentTree +-- public-encrypt@4.0.0
21 silly currentTree +-- punycode@1.4.1
21 silly currentTree +-- qs@6.4.0
21 silly currentTree +-- querystring-es3@0.2.1
21 silly currentTree +-- querystring@0.2.0
21 silly currentTree +-- randomatic@1.1.5
21 silly currentTree +-- randombytes@2.0.3
21 silly currentTree +-- range-parser@1.2.0
21 silly currentTree +-- rc@1.1.7
21 silly currentTree | `-- strip-json-comments@2.0.1
21 silly currentTree +-- rcfinder@0.1.9
21 silly currentTree +-- rcloader@0.2.2
21 silly currentTree | `-- lodash.isobject@3.0.2
21 silly currentTree +-- read-all-stream@3.1.0
21 silly currentTree +-- read-pkg-up@1.0.1
21 silly currentTree +-- read-pkg@1.1.0
21 silly currentTree +-- readable-stream@2.1.4
21 silly currentTree +-- readdirp@2.1.0
21 silly currentTree +-- rechoir@0.6.2
21 silly currentTree +-- referrer-policy@1.0.0
21 silly currentTree +-- regenerate@1.3.2
21 silly currentTree +-- regenerator-runtime@0.10.3
21 silly currentTree +-- regenerator-transform@0.9.8
21 silly currentTree +-- regex-cache@0.4.3
21 silly currentTree +-- regexpu-core@2.0.0
21 silly currentTree +-- registry-url@3.1.0
21 silly currentTree +-- regjsgen@0.2.0
21 silly currentTree +-- regjsparser@0.1.5
21 silly currentTree +-- repeat-element@1.1.2
21 silly currentTree +-- repeat-string@1.5.4
21 silly currentTree +-- repeating@2.0.1
21 silly currentTree +-- replace-ext@0.0.1
21 silly currentTree +-- replacestream@4.0.2
21 silly currentTree +-- request@2.81.0
21 silly currentTree | `-- uuid@3.0.1
21 silly currentTree +-- require-directory@2.1.1
21 silly currentTree +-- require-main-filename@1.0.1
21 silly currentTree +-- resolve-dir@0.1.1
21 silly currentTree +-- resolve@1.3.2
21 silly currentTree +-- right-align@0.1.3
21 silly currentTree +-- rimraf@2.6.1
21 silly currentTree | `-- glob@7.1.1
21 silly currentTree +-- ripemd160@1.0.1
21 silly currentTree +-- run-sequence@1.2.2
21 silly currentTree +-- safe-buffer@5.0.1
21 silly currentTree +-- semver-diff@2.1.0
21 silly currentTree +-- semver@5.3.0
21 silly currentTree +-- send@0.15.1
21 silly currentTree | +-- debug@2.6.1
21 silly currentTree | +-- ms@0.7.2
21 silly currentTree | `-- statuses@1.3.1
21 silly currentTree +-- sequencify@0.0.7
21 silly currentTree +-- serve-static@1.12.1
21 silly currentTree +-- set-blocking@2.0.0
21 silly currentTree +-- set-immediate-shim@1.0.1
21 silly currentTree +-- setimmediate@1.0.5
21 silly currentTree +-- setprototypeof@1.0.3
21 silly currentTree +-- sha.js@2.4.8
21 silly currentTree +-- shelljs@0.3.0
21 silly currentTree +-- sigmund@1.0.1
21 silly currentTree +-- slash@1.0.0
21 silly currentTree +-- slide@1.1.6
21 silly currentTree +-- sntp@1.0.9
21 silly currentTree +-- socket.io-adapter@0.5.0
21 silly currentTree | +-- debug@2.3.3
21 silly currentTree | `-- ms@0.7.2
21 silly currentTree +-- socket.io-client@1.7.3
21 silly currentTree | +-- component-emitter@1.2.1
21 silly currentTree | +-- debug@2.3.3
21 silly currentTree | `-- ms@0.7.2
21 silly currentTree +-- socket.io-parser@2.3.1
21 silly currentTree | `-- isarray@0.0.1
21 silly currentTree +-- socket.io@1.7.3
21 silly currentTree | +-- debug@2.3.3
21 silly currentTree | `-- ms@0.7.2
21 silly currentTree +-- source-list-map@0.1.8
21 silly currentTree +-- source-map-support@0.4.12
21 silly currentTree +-- source-map@0.5.6
21 silly currentTree +-- sparkles@1.0.0
21 silly currentTree +-- spdx-correct@1.0.2
21 silly currentTree +-- spdx-exceptions@1.0.5
21 silly currentTree +-- spdx-expression-parse@1.0.2
21 silly currentTree +-- spdx-license-ids@1.2.2
21 silly currentTree +-- split@0.3.3
21 silly currentTree +-- sshpk@1.11.0
21 silly currentTree | `-- assert-plus@1.0.0
21 silly currentTree +-- stream-browserify@2.0.1
21 silly currentTree +-- stream-combiner@0.0.4
21 silly currentTree +-- stream-consume@0.1.0
21 silly currentTree +-- stream-http@2.6.3
21 silly currentTree +-- stream-shift@1.0.0
21 silly currentTree +-- string_decoder@0.10.31
21 silly currentTree +-- string-length@1.0.1
21 silly currentTree +-- string-width@1.0.2
21 silly currentTree +-- stringstream@0.0.5
21 silly currentTree +-- strip-ansi@3.0.1
21 silly currentTree +-- strip-bom@2.0.0
21 silly currentTree +-- strip-json-comments@1.0.4
21 silly currentTree +-- supports-color@2.0.0
21 silly currentTree +-- tapable@0.2.6
21 silly currentTree +-- textextensions@1.0.2
21 silly currentTree +-- through@2.3.8
21 silly currentTree +-- through2@2.0.3
21 silly currentTree | `-- readable-stream@2.2.5
21 silly currentTree +-- tildify@1.2.0
21 silly currentTree +-- time-stamp@1.0.1
21 silly currentTree +-- timed-out@2.0.0
21 silly currentTree +-- timers-browserify@2.0.2
21 silly currentTree +-- to-array@0.1.4
21 silly currentTree +-- to-arraybuffer@1.0.1
21 silly currentTree +-- to-fast-properties@1.0.2
21 silly currentTree +-- touch@1.0.0
21 silly currentTree +-- tough-cookie@2.3.2
21 silly currentTree +-- trim-right@1.0.1
21 silly currentTree +-- tty-browserify@0.0.0
21 silly currentTree +-- tunnel-agent@0.6.0
21 silly currentTree +-- tweetnacl@0.14.5
21 silly currentTree +-- uglify-js@2.7.5
21 silly currentTree | +-- async@0.2.10
21 silly currentTree | +-- camelcase@1.2.1
21 silly currentTree | `-- yargs@3.10.0
21 silly currentTree +-- uglify-to-browserify@1.0.2
21 silly currentTree +-- ultron@1.0.2
21 silly currentTree +-- unc-path-regex@0.1.2
21 silly currentTree +-- undefsafe@0.0.3
21 silly currentTree +-- unique-stream@1.0.0
21 silly currentTree +-- unpipe@1.0.0
21 silly currentTree +-- update-notifier@0.5.0
21 silly currentTree | `-- repeating@1.1.3
21 silly currentTree +-- url@0.11.0
21 silly currentTree | `-- punycode@1.3.2
21 silly currentTree +-- user-home@1.1.1
21 silly currentTree +-- util-deprecate@1.0.2
21 silly currentTree +-- util@0.10.3
21 silly currentTree +-- utils-merge@1.0.0
21 silly currentTree +-- uuid@2.0.3
21 silly currentTree +-- v8flags@2.0.11
21 silly currentTree +-- validate-npm-package-license@3.0.1
21 silly currentTree +-- vary@1.1.0
21 silly currentTree +-- verror@1.3.6
21 silly currentTree +-- vinyl-fs@0.3.14
21 silly currentTree | +-- clone@0.2.0
21 silly currentTree | +-- graceful-fs@3.0.11
21 silly currentTree | +-- isarray@0.0.1
21 silly currentTree | +-- readable-stream@1.0.34
21 silly currentTree | +-- strip-bom@1.0.0
21 silly currentTree | +-- through2@0.6.5
21 silly currentTree | `-- vinyl@0.4.6
21 silly currentTree +-- vinyl-sourcemaps-apply@0.2.1
21 silly currentTree +-- vinyl@0.5.3
21 silly currentTree +-- vm-browserify@0.0.4
21 silly currentTree +-- watchpack@1.3.1
21 silly currentTree | +-- async@2.1.5
21 silly currentTree | `-- lodash@4.17.4
21 silly currentTree +-- webpack-sources@0.1.5
21 silly currentTree +-- webpack@2.2.1
21 silly currentTree | +-- async@2.1.5
21 silly currentTree | +-- camelcase@1.2.1
21 silly currentTree | +-- lodash@4.17.4
21 silly currentTree | +-- supports-color@3.2.3
21 silly currentTree | +-- uglify-js@2.8.12
21 silly currentTree | | `-- yargs@3.10.0
21 silly currentTree | `-- yargs@6.6.0
21 silly currentTree |   +-- camelcase@3.0.0
21 silly currentTree |   `-- cliui@3.2.0
21 silly currentTree +-- when@3.7.8
21 silly currentTree +-- which-module@1.0.0
21 silly currentTree +-- which@1.2.12
21 silly currentTree +-- window-size@0.1.0
21 silly currentTree +-- wordwrap@0.0.2
21 silly currentTree +-- wrap-ansi@2.1.0
21 silly currentTree +-- wrappy@1.0.2
21 silly currentTree +-- write-file-atomic@1.3.1
21 silly currentTree | `-- graceful-fs@4.1.11
21 silly currentTree +-- ws@1.1.2
21 silly currentTree +-- wtf-8@1.0.0
21 silly currentTree +-- x-xss-protection@1.0.0
21 silly currentTree +-- xdg-basedir@2.0.0
21 silly currentTree +-- xmlhttprequest-ssl@1.5.3
21 silly currentTree +-- xtend@4.0.1
21 silly currentTree +-- y18n@3.2.1
21 silly currentTree +-- yargs-parser@4.2.1
21 silly currentTree | `-- camelcase@3.0.0
21 silly currentTree +-- yargs@7.0.2
21 silly currentTree | +-- cliui@3.2.0
21 silly currentTree | `-- yargs-parser@5.0.0
21 silly currentTree `-- yeast@0.1.2
22 silly idealTree WECOWebApp@1.0.0
22 silly idealTree +-- abbrev@1.1.0
22 silly idealTree +-- accepts@1.3.3
22 silly idealTree +-- accord@0.26.4
22 silly idealTree | `-- glob@7.1.1
22 silly idealTree +-- acorn-dynamic-import@2.0.2
22 silly idealTree +-- acorn@4.0.11
22 silly idealTree +-- after@0.8.2
22 silly idealTree +-- ajv-keywords@1.5.1
22 silly idealTree +-- ajv@4.11.5
22 silly idealTree +-- align-text@0.1.4
22 silly idealTree +-- angular-animate@1.6.3
22 silly idealTree +-- angular-cache@4.6.0
22 silly idealTree +-- angular-google-analytics@1.1.8
22 silly idealTree +-- angular-marked@1.2.2
22 silly idealTree +-- angular-resource@1.6.3
22 silly idealTree +-- angular-sanitize@1.6.3
22 silly idealTree +-- angular-ui-router@0.3.2
22 silly idealTree +-- angular@1.6.3
22 silly idealTree +-- ansi-regex@2.0.0
22 silly idealTree +-- ansi-styles@2.2.1
22 silly idealTree +-- anymatch@1.3.0
22 silly idealTree +-- archy@1.0.0
22 silly idealTree +-- arr-diff@2.0.0
22 silly idealTree +-- arr-flatten@1.0.1
22 silly idealTree +-- array-differ@1.0.0
22 silly idealTree +-- array-flatten@1.1.1
22 silly idealTree +-- array-union@1.0.2
22 silly idealTree +-- array-uniq@1.0.3
22 silly idealTree +-- array-unique@0.2.1
22 silly idealTree +-- arraybuffer.slice@0.0.6
22 silly idealTree +-- arrify@1.0.1
22 silly idealTree +-- asap@2.0.5
22 silly idealTree +-- asn1.js@4.9.1
22 silly idealTree +-- asn1@0.2.3
22 silly idealTree +-- assert-plus@0.2.0
22 silly idealTree +-- assert@1.4.1
22 silly idealTree +-- async-each@1.0.0
22 silly idealTree +-- asynckit@0.4.0
22 silly idealTree +-- aws-sign2@0.6.0
22 silly idealTree +-- aws4@1.6.0
22 silly idealTree +-- babel-cli@6.24.0
22 silly idealTree | +-- chokidar@1.6.1
22 silly idealTree | +-- glob@7.1.1
22 silly idealTree | `-- lodash@4.17.4
22 silly idealTree +-- babel-code-frame@6.22.0
22 silly idealTree +-- babel-core@6.24.0
22 silly idealTree | `-- lodash@4.17.4
22 silly idealTree +-- babel-generator@6.24.0
22 silly idealTree | +-- jsesc@1.3.0
22 silly idealTree | `-- lodash@4.17.4
22 silly idealTree +-- babel-helper-call-delegate@6.22.0
22 silly idealTree +-- babel-helper-define-map@6.23.0
22 silly idealTree | `-- lodash@4.17.4
22 silly idealTree +-- babel-helper-function-name@6.23.0
22 silly idealTree +-- babel-helper-get-function-arity@6.22.0
22 silly idealTree +-- babel-helper-hoist-variables@6.22.0
22 silly idealTree +-- babel-helper-optimise-call-expression@6.23.0
22 silly idealTree +-- babel-helper-regex@6.22.0
22 silly idealTree | `-- lodash@4.17.4
22 silly idealTree +-- babel-helper-replace-supers@6.23.0
22 silly idealTree +-- babel-helpers@6.23.0
22 silly idealTree +-- babel-loader@6.4.0
22 silly idealTree +-- babel-messages@6.23.0
22 silly idealTree +-- babel-plugin-check-es2015-constants@6.22.0
22 silly idealTree +-- babel-plugin-transform-es2015-arrow-functions@6.22.0
22 silly idealTree +-- babel-plugin-transform-es2015-block-scoped-functions@6.22.0
22 silly idealTree +-- babel-plugin-transform-es2015-block-scoping@6.23.0
22 silly idealTree | `-- lodash@4.17.4
22 silly idealTree +-- babel-plugin-transform-es2015-classes@6.23.0
22 silly idealTree +-- babel-plugin-transform-es2015-computed-properties@6.22.0
22 silly idealTree +-- babel-plugin-transform-es2015-destructuring@6.23.0
22 silly idealTree +-- babel-plugin-transform-es2015-duplicate-keys@6.22.0
22 silly idealTree +-- babel-plugin-transform-es2015-for-of@6.23.0
22 silly idealTree +-- babel-plugin-transform-es2015-function-name@6.22.0
22 silly idealTree +-- babel-plugin-transform-es2015-literals@6.22.0
22 silly idealTree +-- babel-plugin-transform-es2015-modules-amd@6.24.0
22 silly idealTree +-- babel-plugin-transform-es2015-modules-commonjs@6.24.0
22 silly idealTree +-- babel-plugin-transform-es2015-modules-systemjs@6.23.0
22 silly idealTree +-- babel-plugin-transform-es2015-modules-umd@6.24.0
22 silly idealTree +-- babel-plugin-transform-es2015-object-super@6.22.0
22 silly idealTree +-- babel-plugin-transform-es2015-parameters@6.23.0
22 silly idealTree +-- babel-plugin-transform-es2015-shorthand-properties@6.22.0
22 silly idealTree +-- babel-plugin-transform-es2015-spread@6.22.0
22 silly idealTree +-- babel-plugin-transform-es2015-sticky-regex@6.22.0
22 silly idealTree +-- babel-plugin-transform-es2015-template-literals@6.22.0
22 silly idealTree +-- babel-plugin-transform-es2015-typeof-symbol@6.23.0
22 silly idealTree +-- babel-plugin-transform-es2015-unicode-regex@6.22.0
22 silly idealTree +-- babel-plugin-transform-regenerator@6.22.0
22 silly idealTree +-- babel-plugin-transform-strict-mode@6.22.0
22 silly idealTree +-- babel-polyfill@6.23.0
22 silly idealTree +-- babel-preset-es2015@6.24.0
22 silly idealTree +-- babel-register@6.24.0
22 silly idealTree | `-- lodash@4.17.4
22 silly idealTree +-- babel-runtime@6.23.0
22 silly idealTree +-- babel-template@6.23.0
22 silly idealTree | `-- lodash@4.17.4
22 silly idealTree +-- babel-traverse@6.23.1
22 silly idealTree | `-- lodash@4.17.4
22 silly idealTree +-- babel-types@6.23.0
22 silly idealTree | `-- lodash@4.17.4
22 silly idealTree +-- babylon@6.16.1
22 silly idealTree +-- backo2@1.0.2
22 silly idealTree +-- balanced-match@0.4.2
22 silly idealTree +-- base64-arraybuffer@0.1.5
22 silly idealTree +-- base64-js@1.2.0
22 silly idealTree +-- base64id@1.0.0
22 silly idealTree +-- bcrypt-pbkdf@1.0.1
22 silly idealTree +-- beeper@1.1.1
22 silly idealTree +-- better-assert@1.0.2
22 silly idealTree +-- big.js@3.1.3
22 silly idealTree +-- binary-extensions@1.5.0
22 silly idealTree +-- binaryextensions@1.0.1
22 silly idealTree +-- blob@0.0.4
22 silly idealTree +-- bn.js@4.11.6
22 silly idealTree +-- boom@2.10.1
22 silly idealTree +-- brace-expansion@1.1.6
22 silly idealTree +-- braces@1.8.5
22 silly idealTree +-- brorand@1.1.0
22 silly idealTree +-- browserify-aes@1.0.6
22 silly idealTree +-- browserify-cipher@1.0.0
22 silly idealTree +-- browserify-des@1.0.0
22 silly idealTree +-- browserify-rsa@4.0.1
22 silly idealTree +-- browserify-sign@4.0.0
22 silly idealTree +-- browserify-zlib@0.1.4
22 silly idealTree +-- buffer-shims@1.0.0
22 silly idealTree +-- buffer-xor@1.0.3
22 silly idealTree +-- buffer@4.9.1
22 silly idealTree +-- builtin-modules@1.1.1
22 silly idealTree +-- builtin-status-codes@3.0.0
22 silly idealTree +-- callsite@1.0.0
22 silly idealTree +-- camelcase@3.0.0
22 silly idealTree +-- camelize@1.0.0
22 silly idealTree +-- caseless@0.12.0
22 silly idealTree +-- center-align@0.1.3
22 silly idealTree +-- chalk@1.1.3
22 silly idealTree +-- chart.js@2.5.0
22 silly idealTree +-- chartjs-color-string@0.4.0
22 silly idealTree +-- chartjs-color@2.1.0
22 silly idealTree +-- chokidar@1.6.0
22 silly idealTree +-- cipher-base@1.0.3
22 silly idealTree +-- cli@1.0.1
22 silly idealTree | `-- glob@7.1.1
22 silly idealTree +-- cliui@2.1.0
22 silly idealTree +-- clone-stats@0.0.1
22 silly idealTree +-- clone@1.0.2
22 silly idealTree +-- co@4.6.0
22 silly idealTree +-- code-point-at@1.1.0
22 silly idealTree +-- color-convert@0.5.3
22 silly idealTree +-- color-name@1.1.2
22 silly idealTree +-- colors@1.1.2
22 silly idealTree +-- combined-stream@1.0.5
22 silly idealTree +-- commander@2.9.0
22 silly idealTree +-- commondir@1.0.1
22 silly idealTree +-- component-bind@1.0.0
22 silly idealTree +-- component-emitter@1.1.2
22 silly idealTree +-- component-inherit@0.0.3
22 silly idealTree +-- concat-map@0.0.1
22 silly idealTree +-- configstore@1.4.0
22 silly idealTree +-- connect@3.4.1
22 silly idealTree | `-- finalhandler@0.4.1
22 silly idealTree +-- console-browserify@1.1.0
22 silly idealTree +-- constants-browserify@1.0.0
22 silly idealTree +-- content-disposition@0.5.2
22 silly idealTree +-- content-security-policy-builder@1.0.0
22 silly idealTree +-- content-type@1.0.2
22 silly idealTree +-- convert-source-map@1.4.0
22 silly idealTree +-- cookie-signature@1.0.6
22 silly idealTree +-- cookie@0.3.1
22 silly idealTree +-- core-js@2.4.1
22 silly idealTree +-- core-util-is@1.0.2
22 silly idealTree +-- create-ecdh@4.0.0
22 silly idealTree +-- create-hash@1.1.2
22 silly idealTree +-- create-hmac@1.1.4
22 silly idealTree +-- cryptiles@2.0.5
22 silly idealTree +-- crypto-browserify@3.11.0
22 silly idealTree +-- dashdash@1.14.1
22 silly idealTree | `-- assert-plus@1.0.0
22 silly idealTree +-- dashify@0.2.2
22 silly idealTree +-- date-now@0.1.4
22 silly idealTree +-- dateformat@2.0.0
22 silly idealTree +-- debug@2.2.0
22 silly idealTree +-- decamelize@1.2.0
22 silly idealTree +-- deep-extend@0.4.1
22 silly idealTree +-- defaults@1.0.3
22 silly idealTree +-- del@2.2.2
22 silly idealTree +-- delayed-stream@1.0.0
22 silly idealTree +-- depd@1.1.0
22 silly idealTree +-- deprecated@0.0.1
22 silly idealTree +-- des.js@1.0.0
22 silly idealTree +-- destroy@1.0.4
22 silly idealTree +-- detect-file@0.1.0
22 silly idealTree +-- detect-indent@4.0.0
22 silly idealTree +-- diffie-hellman@5.0.2
22 silly idealTree +-- dns-prefetch-control@0.1.0
22 silly idealTree +-- dom-serializer@0.1.0
22 silly idealTree | +-- domelementtype@1.1.3
22 silly idealTree | `-- entities@1.1.1
22 silly idealTree +-- domain-browser@1.1.7
22 silly idealTree +-- domelementtype@1.3.0
22 silly idealTree +-- domhandler@2.3.0
22 silly idealTree +-- domutils@1.5.1
22 silly idealTree +-- dont-sniff-mimetype@1.0.0
22 silly idealTree +-- duplexer@0.1.1
22 silly idealTree +-- duplexer2@0.0.2
22 silly idealTree | +-- isarray@0.0.1
22 silly idealTree | `-- readable-stream@1.1.14
22 silly idealTree +-- duplexify@3.5.0
22 silly idealTree | `-- end-of-stream@1.0.0
22 silly idealTree +-- ecc-jsbn@0.1.1
22 silly idealTree +-- ee-first@1.1.1
22 silly idealTree +-- elliptic@6.4.0
22 silly idealTree +-- emojis-list@2.1.0
22 silly idealTree +-- encodeurl@1.0.1
22 silly idealTree +-- end-of-stream@0.1.5
22 silly idealTree +-- engine.io-client@1.8.3
22 silly idealTree | +-- component-emitter@1.2.1
22 silly idealTree | +-- debug@2.3.3
22 silly idealTree | `-- ms@0.7.2
22 silly idealTree +-- engine.io-parser@1.3.2
22 silly idealTree +-- engine.io@1.8.3
22 silly idealTree | +-- debug@2.3.3
22 silly idealTree | `-- ms@0.7.2
22 silly idealTree +-- enhanced-resolve@3.1.0
22 silly idealTree +-- entities@1.0.0
22 silly idealTree +-- errno@0.1.4
22 silly idealTree +-- error-ex@1.3.0
22 silly idealTree +-- es6-promise-polyfill@1.2.0
22 silly idealTree +-- es6-promise@3.3.1
22 silly idealTree +-- escape-html@1.0.3
22 silly idealTree +-- escape-string-regexp@1.0.5
22 silly idealTree +-- esutils@2.0.2
22 silly idealTree +-- etag@1.8.0
22 silly idealTree +-- event-stream@3.3.4
22 silly idealTree +-- events@1.1.1
22 silly idealTree +-- evp_bytestokey@1.0.0
22 silly idealTree +-- exit@0.1.2
22 silly idealTree +-- expand-brackets@0.1.5
22 silly idealTree +-- expand-range@1.8.2
22 silly idealTree +-- expand-tilde@1.2.2
22 silly idealTree +-- express@4.15.2
22 silly idealTree | +-- debug@2.6.1
22 silly idealTree | +-- mime-db@1.26.0
22 silly idealTree | +-- mime-types@2.1.14
22 silly idealTree | +-- ms@0.7.2
22 silly idealTree | +-- statuses@1.3.1
22 silly idealTree | `-- type-is@1.6.14
22 silly idealTree +-- extend@3.0.0
22 silly idealTree +-- extglob@0.3.2
22 silly idealTree +-- extsprintf@1.0.2
22 silly idealTree +-- fancy-log@1.3.0
22 silly idealTree +-- filename-regex@2.0.0
22 silly idealTree +-- fill-range@2.2.3
22 silly idealTree +-- finalhandler@1.0.0
22 silly idealTree | +-- debug@2.6.1
22 silly idealTree | +-- ms@0.7.2
22 silly idealTree | `-- statuses@1.3.1
22 silly idealTree +-- find-cache-dir@0.1.1
22 silly idealTree +-- find-index@0.1.1
22 silly idealTree +-- find-up@1.1.2
22 silly idealTree +-- findup-sync@0.4.3
22 silly idealTree +-- fined@1.0.2
22 silly idealTree +-- first-chunk-stream@1.0.0
22 silly idealTree +-- flagged-respawn@0.3.2
22 silly idealTree +-- for-in@0.1.5
22 silly idealTree +-- for-own@0.1.4
22 silly idealTree +-- forever-agent@0.6.1
22 silly idealTree +-- form-data@2.1.2
22 silly idealTree | +-- mime-db@1.26.0
22 silly idealTree | `-- mime-types@2.1.14
22 silly idealTree +-- forwarded@0.1.0
22 silly idealTree +-- frameguard@2.0.0
22 silly idealTree +-- fresh@0.5.0
22 silly idealTree +-- from@0.1.7
22 silly idealTree +-- fs-exists-sync@0.1.0
22 silly idealTree +-- fs-readdir-recursive@1.0.0
22 silly idealTree +-- fs.realpath@1.0.0
22 silly idealTree +-- gaze@0.5.2
22 silly idealTree +-- get-caller-file@1.0.2
22 silly idealTree +-- getpass@0.1.6
22 silly idealTree | `-- assert-plus@1.0.0
22 silly idealTree +-- glob-base@0.3.0
22 silly idealTree +-- glob-parent@2.0.0
22 silly idealTree +-- glob-stream@3.1.18
22 silly idealTree | +-- isarray@0.0.1
22 silly idealTree | +-- minimatch@2.0.10
22 silly idealTree | +-- readable-stream@1.0.34
22 silly idealTree | `-- through2@0.6.5
22 silly idealTree +-- glob-watcher@0.0.6
22 silly idealTree +-- glob@4.5.3
22 silly idealTree | `-- minimatch@2.0.10
22 silly idealTree +-- glob2base@0.0.12
22 silly idealTree +-- global-modules@0.2.3
22 silly idealTree +-- global-prefix@0.1.5
22 silly idealTree +-- globals@9.16.0
22 silly idealTree +-- globby@5.0.0
22 silly idealTree | `-- glob@7.1.1
22 silly idealTree +-- globule@0.1.0
22 silly idealTree | +-- glob@3.1.21
22 silly idealTree | +-- graceful-fs@1.2.3
22 silly idealTree | +-- inherits@1.0.2
22 silly idealTree | `-- minimatch@0.2.14
22 silly idealTree +-- glogg@1.0.0
22 silly idealTree +-- got@3.3.1
22 silly idealTree | `-- object-assign@3.0.0
22 silly idealTree +-- graceful-fs@4.1.5
22 silly idealTree +-- graceful-readlink@1.0.1
22 silly idealTree +-- gulp-jshint@2.0.4
22 silly idealTree | +-- lodash@4.17.4
22 silly idealTree | `-- minimatch@3.0.3
22 silly idealTree +-- gulp-less@3.3.0
22 silly idealTree +-- gulp-nodemon@2.2.1
22 silly idealTree +-- gulp-rename@1.2.2
22 silly idealTree +-- gulp-replace@0.5.4
22 silly idealTree +-- gulp-util@3.0.8
22 silly idealTree | `-- object-assign@3.0.0
22 silly idealTree +-- gulp@3.9.1
22 silly idealTree | `-- semver@4.3.6
22 silly idealTree +-- gulplog@1.0.0
22 silly idealTree +-- har-schema@1.0.5
22 silly idealTree +-- har-validator@4.2.1
22 silly idealTree +-- has-ansi@2.0.0
22 silly idealTree +-- has-binary@0.1.7
22 silly idealTree | `-- isarray@0.0.1
22 silly idealTree +-- has-cors@1.1.0
22 silly idealTree +-- has-flag@1.0.0
22 silly idealTree +-- has-gulplog@0.1.0
22 silly idealTree +-- hash.js@1.0.3
22 silly idealTree +-- hawk@3.1.3
22 silly idealTree +-- helmet-csp@1.2.2
22 silly idealTree +-- helmet@2.3.0
22 silly idealTree +-- hide-powered-by@1.0.0
22 silly idealTree +-- highlightjs@8.7.0
22 silly idealTree +-- hmac-drbg@1.0.0
22 silly idealTree +-- hoek@2.16.3
22 silly idealTree +-- home-or-tmp@2.0.0
22 silly idealTree +-- homedir-polyfill@1.0.1
22 silly idealTree +-- hosted-git-info@2.1.5
22 silly idealTree +-- hpkp@1.2.0
22 silly idealTree +-- hsts@1.0.0
22 silly idealTree +-- htmlparser2@3.8.3
22 silly idealTree | +-- isarray@0.0.1
22 silly idealTree | `-- readable-stream@1.1.14
22 silly idealTree +-- http-errors@1.6.1
22 silly idealTree | +-- inherits@2.0.3
22 silly idealTree | `-- statuses@1.3.1
22 silly idealTree +-- http-signature@1.1.1
22 silly idealTree +-- https-browserify@0.0.1
22 silly idealTree +-- ieee754@1.1.8
22 silly idealTree +-- ienoopen@1.0.0
22 silly idealTree +-- ignore-by-default@1.0.1
22 silly idealTree +-- image-size@0.5.1
22 silly idealTree +-- imurmurhash@0.1.4
22 silly idealTree +-- indexof@0.0.1
22 silly idealTree +-- indx@0.2.3
22 silly idealTree +-- infinity-agent@2.0.3
22 silly idealTree +-- inflight@1.0.6
22 silly idealTree +-- inherits@2.0.1
22 silly idealTree +-- ini@1.3.4
22 silly idealTree +-- interpret@1.0.1
22 silly idealTree +-- invariant@2.2.2
22 silly idealTree +-- invert-kv@1.0.0
22 silly idealTree +-- ipaddr.js@1.2.0
22 silly idealTree +-- is-absolute@0.2.6
22 silly idealTree +-- is-arrayish@0.2.1
22 silly idealTree +-- is-binary-path@1.0.1
22 silly idealTree +-- is-buffer@1.1.3
22 silly idealTree +-- is-builtin-module@1.0.0
22 silly idealTree +-- is-dotfile@1.0.2
22 silly idealTree +-- is-equal-shallow@0.1.3
22 silly idealTree +-- is-extendable@0.1.1
22 silly idealTree +-- is-extglob@1.0.0
22 silly idealTree +-- is-finite@1.0.2
22 silly idealTree +-- is-fullwidth-code-point@1.0.0
22 silly idealTree +-- is-glob@2.0.1
22 silly idealTree +-- is-npm@1.0.0
22 silly idealTree +-- is-number@2.1.0
22 silly idealTree +-- is-path-cwd@1.0.0
22 silly idealTree +-- is-path-in-cwd@1.0.0
22 silly idealTree +-- is-path-inside@1.0.0
22 silly idealTree +-- is-posix-bracket@0.1.1
22 silly idealTree +-- is-primitive@2.0.0
22 silly idealTree +-- is-redirect@1.0.0
22 silly idealTree +-- is-relative@0.2.1
22 silly idealTree +-- is-stream@1.1.0
22 silly idealTree +-- is-typedarray@1.0.0
22 silly idealTree +-- is-unc-path@0.1.2
22 silly idealTree +-- is-utf8@0.2.1
22 silly idealTree +-- is-windows@0.2.0
22 silly idealTree +-- isarray@1.0.0
22 silly idealTree +-- isexe@1.1.2
22 silly idealTree +-- isobject@2.1.0
22 silly idealTree +-- isstream@0.1.2
22 silly idealTree +-- istextorbinary@1.0.2
22 silly idealTree +-- jodid25519@1.0.2
22 silly idealTree +-- js-tokens@3.0.1
22 silly idealTree +-- jsbn@0.1.1
22 silly idealTree +-- jsesc@0.5.0
22 silly idealTree +-- jshint@2.9.4
22 silly idealTree | `-- lodash@3.7.0
22 silly idealTree +-- json-loader@0.5.4
22 silly idealTree +-- json-schema@0.2.3
22 silly idealTree +-- json-stable-stringify@1.0.1
22 silly idealTree +-- json-stringify-safe@5.0.1
22 silly idealTree +-- json3@3.3.2
22 silly idealTree +-- json5@0.5.1
22 silly idealTree +-- jsonify@0.0.0
22 silly idealTree +-- jsprim@1.4.0
22 silly idealTree | `-- assert-plus@1.0.0
22 silly idealTree +-- kind-of@3.0.4
22 silly idealTree +-- latest-version@1.0.1
22 silly idealTree +-- lazy-cache@1.0.4
22 silly idealTree +-- lcid@1.0.0
22 silly idealTree +-- less@2.7.2
22 silly idealTree +-- liftoff@2.3.0
22 silly idealTree +-- load-json-file@1.1.0
22 silly idealTree +-- loader-runner@2.3.0
22 silly idealTree +-- loader-utils@0.2.17
22 silly idealTree +-- lodash._baseassign@3.2.0
22 silly idealTree +-- lodash._basecopy@3.0.1
22 silly idealTree +-- lodash._basetostring@3.0.1
22 silly idealTree +-- lodash._basevalues@3.0.0
22 silly idealTree +-- lodash._bindcallback@3.0.1
22 silly idealTree +-- lodash._createassigner@3.1.1
22 silly idealTree +-- lodash._getnative@3.9.1
22 silly idealTree +-- lodash._isiterateecall@3.0.9
22 silly idealTree +-- lodash._reescape@3.0.0
22 silly idealTree +-- lodash._reevaluate@3.0.0
22 silly idealTree +-- lodash._reinterpolate@3.0.0
22 silly idealTree +-- lodash._root@3.0.1
22 silly idealTree +-- lodash.assign@4.2.0
22 silly idealTree +-- lodash.assignwith@4.2.0
22 silly idealTree +-- lodash.clone@4.5.0
22 silly idealTree +-- lodash.clonedeep@4.5.0
22 silly idealTree +-- lodash.defaults@4.2.0
22 silly idealTree +-- lodash.escape@3.2.0
22 silly idealTree +-- lodash.flatten@4.4.0
22 silly idealTree +-- lodash.isarguments@3.1.0
22 silly idealTree +-- lodash.isarray@3.0.4
22 silly idealTree +-- lodash.isempty@4.4.0
22 silly idealTree +-- lodash.isplainobject@4.0.6
22 silly idealTree +-- lodash.isstring@4.0.1
22 silly idealTree +-- lodash.keys@3.1.2
22 silly idealTree +-- lodash.mapvalues@4.6.0
22 silly idealTree +-- lodash.merge@4.6.0
22 silly idealTree +-- lodash.partialright@4.2.1
22 silly idealTree +-- lodash.pick@4.4.0
22 silly idealTree +-- lodash.reduce@4.5.0
22 silly idealTree +-- lodash.restparam@3.6.1
22 silly idealTree +-- lodash.template@3.6.2
22 silly idealTree +-- lodash.templatesettings@3.1.1
22 silly idealTree +-- lodash.uniq@4.5.0
22 silly idealTree +-- lodash@1.0.2
22 silly idealTree +-- longest@1.0.1
22 silly idealTree +-- loose-envify@1.3.1
22 silly idealTree +-- lowercase-keys@1.0.0
22 silly idealTree +-- lru-cache@2.7.3
22 silly idealTree +-- map-cache@0.2.2
22 silly idealTree +-- map-stream@0.1.0
22 silly idealTree +-- marked@0.3.6
22 silly idealTree +-- media-typer@0.3.0
22 silly idealTree +-- memory-fs@0.4.1
22 silly idealTree +-- merge-descriptors@1.0.1
22 silly idealTree +-- methods@1.1.2
22 silly idealTree +-- micromatch@2.3.11
22 silly idealTree +-- miller-rabin@4.0.0
22 silly idealTree +-- mime-db@1.23.0
22 silly idealTree +-- mime-types@2.1.11
22 silly idealTree +-- mime@1.3.4
22 silly idealTree +-- minimalistic-assert@1.0.0
22 silly idealTree +-- minimalistic-crypto-utils@1.0.1
22 silly idealTree +-- minimatch@3.0.2
22 silly idealTree +-- minimist@1.2.0
22 silly idealTree +-- mkdirp@0.5.1
22 silly idealTree | `-- minimist@0.0.8
22 silly idealTree +-- moment@2.18.1
22 silly idealTree +-- ms@0.7.1
22 silly idealTree +-- multipipe@0.1.2
22 silly idealTree +-- natives@1.1.0
22 silly idealTree +-- negotiator@0.6.1
22 silly idealTree +-- nested-error-stacks@1.0.2
22 silly idealTree +-- ng-file-upload@12.2.13
22 silly idealTree +-- nocache@1.0.1
22 silly idealTree +-- node-libs-browser@2.0.0
22 silly idealTree +-- nodemon@1.11.0
22 silly idealTree | +-- lodash.assign@3.2.0
22 silly idealTree | `-- lodash.defaults@3.1.2
22 silly idealTree +-- nopt@1.0.10
22 silly idealTree +-- normalize-package-data@2.3.5
22 silly idealTree +-- normalize-path@2.0.1
22 silly idealTree +-- number-is-nan@1.0.0
22 silly idealTree +-- oauth-sign@0.8.2
22 silly idealTree +-- object-assign@4.1.0
22 silly idealTree +-- object-component@0.0.3
22 silly idealTree +-- object.omit@2.0.0
22 silly idealTree +-- on-finished@2.3.0
22 silly idealTree +-- once@1.3.3
22 silly idealTree +-- options@0.0.6
22 silly idealTree +-- orchestrator@0.3.8
22 silly idealTree +-- ordered-read-streams@0.1.0
22 silly idealTree +-- os-browserify@0.2.1
22 silly idealTree +-- os-homedir@1.0.2
22 silly idealTree +-- os-locale@1.4.0
22 silly idealTree +-- os-tmpdir@1.0.2
22 silly idealTree +-- osenv@0.1.4
22 silly idealTree +-- output-file-sync@1.1.2
22 silly idealTree +-- package-json@1.2.0
22 silly idealTree +-- pako@0.2.9
22 silly idealTree +-- parse-asn1@5.1.0
22 silly idealTree +-- parse-filepath@1.0.1
22 silly idealTree +-- parse-glob@3.0.4
22 silly idealTree +-- parse-json@2.2.0
22 silly idealTree +-- parse-passwd@1.0.0
22 silly idealTree +-- parsejson@0.0.3
22 silly idealTree +-- parseqs@0.0.5
22 silly idealTree +-- parseuri@0.0.5
22 silly idealTree +-- parseurl@1.3.1
22 silly idealTree +-- path-browserify@0.0.0
22 silly idealTree +-- path-exists@2.1.0
22 silly idealTree +-- path-is-absolute@1.0.0
22 silly idealTree +-- path-is-inside@1.0.2
22 silly idealTree +-- path-parse@1.0.5
22 silly idealTree +-- path-root-regex@0.1.2
22 silly idealTree +-- path-root@0.1.1
22 silly idealTree +-- path-to-regexp@0.1.7
22 silly idealTree +-- path-type@1.1.0
22 silly idealTree +-- pause-stream@0.0.11
22 silly idealTree +-- pbkdf2@3.0.9
22 silly idealTree +-- performance-now@0.2.0
22 silly idealTree +-- pify@2.3.0
22 silly idealTree +-- pinkie-promise@2.0.1
22 silly idealTree +-- pinkie@2.0.4
22 silly idealTree +-- pkg-dir@1.0.0
22 silly idealTree +-- platform@1.3.1
22 silly idealTree +-- prepend-http@1.0.4
22 silly idealTree +-- prerender-node@2.7.0
22 silly idealTree +-- preserve@0.2.0
22 silly idealTree +-- pretty-hrtime@1.0.3
22 silly idealTree +-- private@0.1.7
22 silly idealTree +-- process-nextick-args@1.0.7
22 silly idealTree +-- process@0.11.9
22 silly idealTree +-- promise@7.1.1
22 silly idealTree +-- proxy-addr@1.1.3
22 silly idealTree +-- prr@0.0.0
22 silly idealTree +-- ps-tree@1.1.0
22 silly idealTree +-- public-encrypt@4.0.0
22 silly idealTree +-- punycode@1.4.1
22 silly idealTree +-- qs@6.4.0
22 silly idealTree +-- querystring-es3@0.2.1
22 silly idealTree +-- querystring@0.2.0
22 silly idealTree +-- randomatic@1.1.5
22 silly idealTree +-- randombytes@2.0.3
22 silly idealTree +-- range-parser@1.2.0
22 silly idealTree +-- rc@1.1.7
22 silly idealTree | `-- strip-json-comments@2.0.1
22 silly idealTree +-- rcfinder@0.1.9
22 silly idealTree +-- rcloader@0.2.2
22 silly idealTree | `-- lodash.isobject@3.0.2
22 silly idealTree +-- read-all-stream@3.1.0
22 silly idealTree +-- read-pkg-up@1.0.1
22 silly idealTree +-- read-pkg@1.1.0
22 silly idealTree +-- readable-stream@2.1.4
22 silly idealTree +-- readdirp@2.1.0
22 silly idealTree +-- rechoir@0.6.2
22 silly idealTree +-- referrer-policy@1.0.0
22 silly idealTree +-- regenerate@1.3.2
22 silly idealTree +-- regenerator-runtime@0.10.3
22 silly idealTree +-- regenerator-transform@0.9.8
22 silly idealTree +-- regex-cache@0.4.3
22 silly idealTree +-- regexpu-core@2.0.0
22 silly idealTree +-- registry-url@3.1.0
22 silly idealTree +-- regjsgen@0.2.0
22 silly idealTree +-- regjsparser@0.1.5
22 silly idealTree +-- repeat-element@1.1.2
22 silly idealTree +-- repeat-string@1.5.4
22 silly idealTree +-- repeating@2.0.1
22 silly idealTree +-- replace-ext@0.0.1
22 silly idealTree +-- replacestream@4.0.2
22 silly idealTree +-- request@2.81.0
22 silly idealTree | `-- uuid@3.0.1
22 silly idealTree +-- require-directory@2.1.1
22 silly idealTree +-- require-main-filename@1.0.1
22 silly idealTree +-- resolve-dir@0.1.1
22 silly idealTree +-- resolve@1.3.2
22 silly idealTree +-- right-align@0.1.3
22 silly idealTree +-- rimraf@2.6.1
22 silly idealTree | `-- glob@7.1.1
22 silly idealTree +-- ripemd160@1.0.1
22 silly idealTree +-- run-sequence@1.2.2
22 silly idealTree +-- safe-buffer@5.0.1
22 silly idealTree +-- semver-diff@2.1.0
22 silly idealTree +-- semver@5.3.0
22 silly idealTree +-- send@0.15.1
22 silly idealTree | +-- debug@2.6.1
22 silly idealTree | +-- ms@0.7.2
22 silly idealTree | `-- statuses@1.3.1
22 silly idealTree +-- sequencify@0.0.7
22 silly idealTree +-- serve-static@1.12.1
22 silly idealTree +-- set-blocking@2.0.0
22 silly idealTree +-- set-immediate-shim@1.0.1
22 silly idealTree +-- setimmediate@1.0.5
22 silly idealTree +-- setprototypeof@1.0.3
22 silly idealTree +-- sha.js@2.4.8
22 silly idealTree +-- shelljs@0.3.0
22 silly idealTree +-- sigmund@1.0.1
22 silly idealTree +-- slash@1.0.0
22 silly idealTree +-- slide@1.1.6
22 silly idealTree +-- sntp@1.0.9
22 silly idealTree +-- socket.io-adapter@0.5.0
22 silly idealTree | +-- debug@2.3.3
22 silly idealTree | `-- ms@0.7.2
22 silly idealTree +-- socket.io-client@1.7.3
22 silly idealTree | +-- component-emitter@1.2.1
22 silly idealTree | +-- debug@2.3.3
22 silly idealTree | `-- ms@0.7.2
22 silly idealTree +-- socket.io-parser@2.3.1
22 silly idealTree | `-- isarray@0.0.1
22 silly idealTree +-- socket.io@1.7.3
22 silly idealTree | +-- debug@2.3.3
22 silly idealTree | `-- ms@0.7.2
22 silly idealTree +-- source-list-map@0.1.8
22 silly idealTree +-- source-map-support@0.4.12
22 silly idealTree +-- source-map@0.5.6
22 silly idealTree +-- sparkles@1.0.0
22 silly idealTree +-- spdx-correct@1.0.2
22 silly idealTree +-- spdx-exceptions@1.0.5
22 silly idealTree +-- spdx-expression-parse@1.0.2
22 silly idealTree +-- spdx-license-ids@1.2.2
22 silly idealTree +-- split@0.3.3
22 silly idealTree +-- sshpk@1.11.0
22 silly idealTree | `-- assert-plus@1.0.0
22 silly idealTree +-- stream-browserify@2.0.1
22 silly idealTree +-- stream-combiner@0.0.4
22 silly idealTree +-- stream-consume@0.1.0
22 silly idealTree +-- stream-http@2.6.3
22 silly idealTree +-- stream-shift@1.0.0
22 silly idealTree +-- string_decoder@0.10.31
22 silly idealTree +-- string-length@1.0.1
22 silly idealTree +-- string-width@1.0.2
22 silly idealTree +-- stringstream@0.0.5
22 silly idealTree +-- strip-ansi@3.0.1
22 silly idealTree +-- strip-bom@2.0.0
22 silly idealTree +-- strip-json-comments@1.0.4
22 silly idealTree +-- supports-color@2.0.0
22 silly idealTree +-- tapable@0.2.6
22 silly idealTree +-- textextensions@1.0.2
22 silly idealTree +-- through@2.3.8
22 silly idealTree +-- through2@2.0.3
22 silly idealTree | `-- readable-stream@2.2.5
22 silly idealTree +-- tildify@1.2.0
22 silly idealTree +-- time-stamp@1.0.1
22 silly idealTree +-- timed-out@2.0.0
22 silly idealTree +-- timers-browserify@2.0.2
22 silly idealTree +-- to-array@0.1.4
22 silly idealTree +-- to-arraybuffer@1.0.1
22 silly idealTree +-- to-fast-properties@1.0.2
22 silly idealTree +-- touch@1.0.0
22 silly idealTree +-- tough-cookie@2.3.2
22 silly idealTree +-- trim-right@1.0.1
22 silly idealTree +-- tty-browserify@0.0.0
22 silly idealTree +-- tunnel-agent@0.6.0
22 silly idealTree +-- tweetnacl@0.14.5
22 silly idealTree +-- uglify-js@2.7.5
22 silly idealTree | +-- async@0.2.10
22 silly idealTree | +-- camelcase@1.2.1
22 silly idealTree | `-- yargs@3.10.0
22 silly idealTree +-- uglify-to-browserify@1.0.2
22 silly idealTree +-- ultron@1.0.2
22 silly idealTree +-- unc-path-regex@0.1.2
22 silly idealTree +-- undefsafe@0.0.3
22 silly idealTree +-- unique-stream@1.0.0
22 silly idealTree +-- unpipe@1.0.0
22 silly idealTree +-- update-notifier@0.5.0
22 silly idealTree | `-- repeating@1.1.3
22 silly idealTree +-- url@0.11.0
22 silly idealTree | `-- punycode@1.3.2
22 silly idealTree +-- user-home@1.1.1
22 silly idealTree +-- util-deprecate@1.0.2
22 silly idealTree +-- util@0.10.3
22 silly idealTree +-- utils-merge@1.0.0
22 silly idealTree +-- uuid@2.0.3
22 silly idealTree +-- v8flags@2.0.11
22 silly idealTree +-- validate-npm-package-license@3.0.1
22 silly idealTree +-- vary@1.1.0
22 silly idealTree +-- verror@1.3.6
22 silly idealTree +-- vinyl-fs@0.3.14
22 silly idealTree | +-- clone@0.2.0
22 silly idealTree | +-- graceful-fs@3.0.11
22 silly idealTree | +-- isarray@0.0.1
22 silly idealTree | +-- readable-stream@1.0.34
22 silly idealTree | +-- strip-bom@1.0.0
22 silly idealTree | +-- through2@0.6.5
22 silly idealTree | `-- vinyl@0.4.6
22 silly idealTree +-- vinyl-sourcemaps-apply@0.2.1
22 silly idealTree +-- vinyl@0.5.3
22 silly idealTree +-- vm-browserify@0.0.4
22 silly idealTree +-- watchpack@1.3.1
22 silly idealTree | +-- async@2.1.5
22 silly idealTree | `-- lodash@4.17.4
22 silly idealTree +-- webpack-sources@0.1.5
22 silly idealTree +-- webpack@2.2.1
22 silly idealTree | +-- async@2.1.5
22 silly idealTree | +-- camelcase@1.2.1
22 silly idealTree | +-- lodash@4.17.4
22 silly idealTree | +-- supports-color@3.2.3
22 silly idealTree | +-- uglify-js@2.8.12
22 silly idealTree | | `-- yargs@3.10.0
22 silly idealTree | `-- yargs@6.6.0
22 silly idealTree |   +-- camelcase@3.0.0
22 silly idealTree |   `-- cliui@3.2.0
22 silly idealTree +-- when@3.7.8
22 silly idealTree +-- which-module@1.0.0
22 silly idealTree +-- which@1.2.12
22 silly idealTree +-- window-size@0.1.0
22 silly idealTree +-- wordwrap@0.0.2
22 silly idealTree +-- wrap-ansi@2.1.0
22 silly idealTree +-- wrappy@1.0.2
22 silly idealTree +-- write-file-atomic@1.3.1
22 silly idealTree | `-- graceful-fs@4.1.11
22 silly idealTree +-- ws@1.1.2
22 silly idealTree +-- wtf-8@1.0.0
22 silly idealTree +-- x-xss-protection@1.0.0
22 silly idealTree +-- xdg-basedir@2.0.0
22 silly idealTree +-- xmlhttprequest-ssl@1.5.3
22 silly idealTree +-- xtend@4.0.1
22 silly idealTree +-- y18n@3.2.1
22 silly idealTree +-- yargs-parser@4.2.1
22 silly idealTree | `-- camelcase@3.0.0
22 silly idealTree +-- yargs@7.0.2
22 silly idealTree | +-- cliui@3.2.0
22 silly idealTree | `-- yargs-parser@5.0.0
22 silly idealTree `-- yeast@0.1.2
23 silly generateActionsToTake Starting
24 silly install generateActionsToTake
25 silly generateActionsToTake Finishing
26 silly diffTrees action count 2
27 silly diffTrees remove chart.js@2.3.0
28 silly diffTrees remove angular-chart.js@1.1.1
29 silly decomposeActions action count 2
30 silly decomposeActions remove chart.js@2.3.0
31 silly decomposeActions remove angular-chart.js@1.1.1
32 silly executeActions Starting
33 silly install executeActions
34 silly doSerial global-install 0
35 silly doParallel fetch 0
36 verbose correctMkdir C:\Users\mike_\AppData\Roaming\npm-cache\_locks correctMkdir not in flight; initializing
37 verbose lock using C:\Users\mike_\AppData\Roaming\npm-cache\_locks\staging-3af8e853f06fc93e.lock for C:\Users\mike_\Code\WECO\WebApp\node_modules\.staging
38 silly doParallel extract 0
39 silly doParallel preinstall 0
40 silly doReverseSerial remove 2
41 silly remove C:\Users\mike_\Code\WECO\WebApp\node_modules\angular-chart.js
42 verbose unbuild node_modules\angular-chart.js
43 info lifecycle angular-chart.js@1.1.1~preuninstall: angular-chart.js@1.1.1
44 silly lifecycle angular-chart.js@1.1.1~preuninstall: no script for preuninstall, continuing
45 info lifecycle angular-chart.js@1.1.1~uninstall: angular-chart.js@1.1.1
46 silly lifecycle angular-chart.js@1.1.1~uninstall: no script for uninstall, continuing
47 verbose unbuild rmStuff angular-chart.js@1.1.1 from C:\Users\mike_\Code\WECO\WebApp\node_modules
48 info lifecycle angular-chart.js@1.1.1~postuninstall: angular-chart.js@1.1.1
49 silly lifecycle angular-chart.js@1.1.1~postuninstall: no script for postuninstall, continuing
50 silly gentlyRm C:\Users\mike_\Code\WECO\WebApp\node_modules\angular-chart.js is being purged from base C:\Users\mike_\Code\WECO\WebApp
51 verbose gentlyRm don't care about contents; nuking C:\Users\mike_\Code\WECO\WebApp\node_modules\angular-chart.js
52 silly vacuum-fs purging C:\Users\mike_\Code\WECO\WebApp\node_modules\angular-chart.js
53 silly vacuum-fs quitting because other entries in C:\Users\mike_\Code\WECO\WebApp\node_modules
54 verbose unlock done using C:\Users\mike_\AppData\Roaming\npm-cache\_locks\staging-3af8e853f06fc93e.lock for C:\Users\mike_\Code\WECO\WebApp\node_modules\.staging
55 silly rollbackFailedOptional Starting
56 silly rollbackFailedOptional Finishing
57 silly runTopLevelLifecycles Starting
58 silly runTopLevelLifecycles Finishing
59 silly install printInstalled
60 verbose stack Error: EPERM: operation not permitted, mkdir 'C:\Users\mike_\Code\WECO\WebApp\node_modules\angular-chart.js\node_modules'
60 verbose stack     at Error (native)
61 verbose cwd C:\Users\mike_\Code\WECO\WebApp
62 error Windows_NT 10.0.14393
63 error argv "C:\\Program Files\\nodejs\\node.exe" "C:\\Users\\mike_\\AppData\\Roaming\\npm\\node_modules\\npm\\bin\\npm-cli.js" "uninstall" "angular-chart.js" "--save"
64 error node v4.4.7
65 error npm  v3.10.5
66 error path C:\Users\mike_\Code\WECO\WebApp\node_modules\angular-chart.js\node_modules
67 error code EPERM
68 error errno -4048
69 error syscall mkdir
70 error Error: EPERM: operation not permitted, mkdir 'C:\Users\mike_\Code\WECO\WebApp\node_modules\angular-chart.js\node_modules'
70 error     at Error (native)
70 error  { [Error: EPERM: operation not permitted, mkdir 'C:\Users\mike_\Code\WECO\WebApp\node_modules\angular-chart.js\node_modules']
70 error   errno: -4048,
70 error   code: 'EPERM',
70 error   syscall: 'mkdir',
70 error   path: 'C:\\Users\\mike_\\Code\\WECO\\WebApp\\node_modules\\angular-chart.js\\node_modules',
70 error   parent: 'WECOWebApp' }
71 error Please try running this command again as root/Administrator.
72 verbose exit [ -4048, true ]
